<?xml version="1.0" encoding="UTF-8"?>
<!-- Generated by org.testng.reporters.JUnitReportReporter -->
<testsuite skipped="0" hostname="DESKTOP-9GU8BET" name="com.testcases.sohoz.TC_Search_001" tests="1" failures="0" timestamp="2020-11-15T17:17:25 BDT" time="22.612" errors="0">
  <testcase name="searchpage" time="22.612" classname="com.testcases.sohoz.TC_Search_001"/>
  <system-out/>
</testsuite> <!-- com.testcases.sohoz.TC_Search_001 -->
